<?xml version="1.0" encoding="UTF-8"?>
<!-- Generated by org.testng.reporters.JUnitReportReporter -->
<testsuite hostname="hp" failures="0" tests="1" name="Parameter.SearchForAmazon" time="13.422" errors="0" timestamp="2024-01-17T10:52:02 IST" skipped="0">
  <testcase classname="Parameter.SearchForAmazon" name="Amazon_Test" time="13.422"/>
  <system-out/>
</testsuite> <!-- Parameter.SearchForAmazon -->
