<?xml version="1.0" encoding="UTF-8"?>
<!-- Generated by org.testng.reporters.JUnitReportReporter -->
<testsuite hostname="hp" failures="0" tests="1" name="Parameter.launchBrowser_Test" time="7.895" errors="0" timestamp="2023-11-30T13:35:19 IST" skipped="0">
  <testcase classname="Parameter.launchBrowser_Test" name="m1test" time="7.895"/>
  <system-out/>
</testsuite> <!-- Parameter.launchBrowser_Test -->
